[debug] [2017-08-10T23:33:09.290Z] ----------------------------------------------------------------------
[debug] [2017-08-10T23:33:09.294Z] Command:       /usr/local/bin/node /usr/local/bin/firebase serve
[debug] [2017-08-10T23:33:09.295Z] CLI Version:   3.9.2
[debug] [2017-08-10T23:33:09.295Z] Platform:      darwin
[debug] [2017-08-10T23:33:09.295Z] Node Version:  v7.10.0
[debug] [2017-08-10T23:33:09.296Z] Time:          Thu Aug 10 2017 19:33:09 GMT-0400 (EDT)
[debug] [2017-08-10T23:33:09.296Z] ----------------------------------------------------------------------
[debug] 
[debug] [2017-08-10T23:33:09.313Z] > command requires scopes: ["email","openid","https://www.googleapis.com/auth/cloudplatformprojects.readonly","https://www.googleapis.com/auth/firebase","https://www.googleapis.com/auth/cloud-platform"]
[debug] [2017-08-10T23:33:09.313Z] > authorizing via signed-in user
[debug] [2017-08-10T23:33:09.315Z] > refreshing access token with scopes: ["email","https://www.googleapis.com/auth/cloud-platform","https://www.googleapis.com/auth/cloudplatformprojects.readonly","https://www.googleapis.com/auth/firebase","openid"]
[debug] [2017-08-10T23:33:09.315Z] >>> HTTP REQUEST POST https://www.googleapis.com/oauth2/v3/token { refresh_token: '1/kzIOsG3FKKQEupenedrrn_jALiaLW55y_9ityJSUm-U',
  client_id: '563584335869-fgrhgmd47bqnekij5i8b5pr03ho849e6.apps.googleusercontent.com',
  client_secret: 'j9iVZfS8kkCEFUPaAeJV0sAi',
  grant_type: 'refresh_token',
  scope: 'email https://www.googleapis.com/auth/cloud-platform https://www.googleapis.com/auth/cloudplatformprojects.readonly https://www.googleapis.com/auth/firebase openid' } 
 Thu Aug 10 2017 19:33:09 GMT-0400 (EDT)
[debug] [2017-08-10T23:33:09.435Z] <<< HTTP RESPONSE 200
[debug] [2017-08-10T23:33:09.453Z] >>> HTTP REQUEST GET https://admin.firebase.com/v1/projects/getcommittedapp  
 Thu Aug 10 2017 19:33:09 GMT-0400 (EDT)
[debug] [2017-08-10T23:33:10.142Z] <<< HTTP RESPONSE 200
[debug] [2017-08-10T23:33:10.143Z] >>> HTTP REQUEST GET https://admin.firebase.com/v1/database/getcommittedapp/tokens  
 Thu Aug 10 2017 19:33:10 GMT-0400 (EDT)
[debug] [2017-08-10T23:33:10.500Z] <<< HTTP RESPONSE 200
[info] 
[info] === Serving from '/Users/ana/usingMoodBase/mood-color-on-firebase'...
[info] 
[debug] [2017-08-10T23:33:10.505Z] >>> HTTP REQUEST GET https://cloudresourcemanager.googleapis.com/v1/projects/getcommittedapp  
 Thu Aug 10 2017 19:33:10 GMT-0400 (EDT)
[debug] [2017-08-10T23:33:10.707Z] <<< HTTP RESPONSE 200
[debug] [2017-08-10T23:33:10.708Z] >>> HTTP REQUEST GET https://mobilesdk-pa.googleapis.com/v1/projects/459123561795/clients/_:getWebAppConfig  
 Thu Aug 10 2017 19:33:10 GMT-0400 (EDT)
[debug] [2017-08-10T23:33:11.071Z] <<< HTTP RESPONSE 200
[info] i  hosting: Serving hosting files from: public
[info] ✔  hosting: Local server: http://localhost:5000

[debug] [2017-08-10T23:40:26.483Z] ----------------------------------------------------------------------
[debug] [2017-08-10T23:40:26.490Z] Command:       /usr/local/bin/node /usr/local/bin/firebase serve
[debug] [2017-08-10T23:40:26.491Z] CLI Version:   3.9.2
[debug] [2017-08-10T23:40:26.491Z] Platform:      darwin
[debug] [2017-08-10T23:40:26.491Z] Node Version:  v7.10.0
[debug] [2017-08-10T23:40:26.495Z] Time:          Thu Aug 10 2017 19:40:26 GMT-0400 (EDT)
[debug] [2017-08-10T23:40:26.496Z] ----------------------------------------------------------------------
[debug] 
[debug] [2017-08-10T23:40:26.533Z] > command requires scopes: ["email","openid","https://www.googleapis.com/auth/cloudplatformprojects.readonly","https://www.googleapis.com/auth/firebase","https://www.googleapis.com/auth/cloud-platform"]
[debug] [2017-08-10T23:40:26.533Z] > authorizing via signed-in user
[debug] [2017-08-10T23:40:26.537Z] >>> HTTP REQUEST GET https://admin.firebase.com/v1/projects/getcommittedapp  
 Thu Aug 10 2017 19:40:26 GMT-0400 (EDT)
[debug] [2017-08-10T23:41:11.535Z] <<< HTTP RESPONSE 200
[debug] [2017-08-10T23:41:11.537Z] >>> HTTP REQUEST GET https://admin.firebase.com/v1/database/getcommittedapp/tokens  
 Thu Aug 10 2017 19:41:11 GMT-0400 (EDT)
[debug] [2017-08-10T23:41:11.998Z] <<< HTTP RESPONSE 200
[info] 
[info] === Serving from '/Users/ana/usingMoodBase/mood-color-on-firebase'...
[info] 
[debug] [2017-08-10T23:41:12.004Z] >>> HTTP REQUEST GET https://cloudresourcemanager.googleapis.com/v1/projects/getcommittedapp  
 Thu Aug 10 2017 19:41:12 GMT-0400 (EDT)
[debug] [2017-08-10T23:41:12.324Z] <<< HTTP RESPONSE 200
[debug] [2017-08-10T23:41:12.325Z] >>> HTTP REQUEST GET https://mobilesdk-pa.googleapis.com/v1/projects/459123561795/clients/_:getWebAppConfig  
 Thu Aug 10 2017 19:41:12 GMT-0400 (EDT)
[debug] [2017-08-10T23:41:12.861Z] <<< HTTP RESPONSE 200
[info] i  hosting: Serving hosting files from: public
[info] ✔  hosting: Local server: http://localhost:5000

[debug] [2017-08-11T19:22:44.501Z] ----------------------------------------------------------------------
[debug] [2017-08-11T19:22:44.505Z] Command:       /usr/local/bin/node /usr/local/bin/firebase serve
[debug] [2017-08-11T19:22:44.505Z] CLI Version:   3.9.2
[debug] [2017-08-11T19:22:44.505Z] Platform:      darwin
[debug] [2017-08-11T19:22:44.505Z] Node Version:  v7.10.0
[debug] [2017-08-11T19:22:44.506Z] Time:          Fri Aug 11 2017 15:22:44 GMT-0400 (EDT)
[debug] [2017-08-11T19:22:44.506Z] ----------------------------------------------------------------------
[debug] 
[debug] [2017-08-11T19:22:44.529Z] > command requires scopes: ["email","openid","https://www.googleapis.com/auth/cloudplatformprojects.readonly","https://www.googleapis.com/auth/firebase","https://www.googleapis.com/auth/cloud-platform"]
[debug] [2017-08-11T19:22:44.529Z] > authorizing via signed-in user
[debug] [2017-08-11T19:22:44.531Z] > refreshing access token with scopes: ["email","https://www.googleapis.com/auth/cloud-platform","https://www.googleapis.com/auth/cloudplatformprojects.readonly","https://www.googleapis.com/auth/firebase","openid"]
[debug] [2017-08-11T19:22:44.531Z] >>> HTTP REQUEST POST https://www.googleapis.com/oauth2/v3/token { refresh_token: '1/kzIOsG3FKKQEupenedrrn_jALiaLW55y_9ityJSUm-U',
  client_id: '563584335869-fgrhgmd47bqnekij5i8b5pr03ho849e6.apps.googleusercontent.com',
  client_secret: 'j9iVZfS8kkCEFUPaAeJV0sAi',
  grant_type: 'refresh_token',
  scope: 'email https://www.googleapis.com/auth/cloud-platform https://www.googleapis.com/auth/cloudplatformprojects.readonly https://www.googleapis.com/auth/firebase openid' } 
 Fri Aug 11 2017 15:22:44 GMT-0400 (EDT)
[debug] [2017-08-11T19:22:44.870Z] <<< HTTP RESPONSE 200
[debug] [2017-08-11T19:22:44.887Z] >>> HTTP REQUEST GET https://admin.firebase.com/v1/projects/getcommittedapp  
 Fri Aug 11 2017 15:22:44 GMT-0400 (EDT)
[debug] [2017-08-11T19:22:45.417Z] <<< HTTP RESPONSE 200
[debug] [2017-08-11T19:22:45.418Z] >>> HTTP REQUEST GET https://admin.firebase.com/v1/database/getcommittedapp/tokens  
 Fri Aug 11 2017 15:22:45 GMT-0400 (EDT)
[debug] [2017-08-11T19:22:45.752Z] <<< HTTP RESPONSE 200
[info] 
[info] === Serving from '/Users/ana/usingMoodBase/mood-color-on-firebase'...
[info] 
[debug] [2017-08-11T19:22:45.758Z] >>> HTTP REQUEST GET https://cloudresourcemanager.googleapis.com/v1/projects/getcommittedapp  
 Fri Aug 11 2017 15:22:45 GMT-0400 (EDT)
[debug] [2017-08-11T19:22:46.150Z] <<< HTTP RESPONSE 200
[debug] [2017-08-11T19:22:46.151Z] >>> HTTP REQUEST GET https://mobilesdk-pa.googleapis.com/v1/projects/459123561795/clients/_:getWebAppConfig  
 Fri Aug 11 2017 15:22:46 GMT-0400 (EDT)
[debug] [2017-08-11T19:22:46.933Z] <<< HTTP RESPONSE 200
[info] i  hosting: Serving hosting files from: public
[info] ✔  hosting: Local server: http://localhost:5000

